<?xml version="1.0" encoding="UTF-8"?>
<!-- Generated by org.testng.reporters.JUnitReportReporter -->
<testsuite hostname="MAA-5CG051651J" failures="0" tests="1" name="Stepdefinition.TestRunner" time="25.641" errors="0" timestamp="2024-02-21T22:28:13 IST" skipped="0">
  <testcase classname="Stepdefinition.TestRunner" name="runScenario" time="25.641"/>
</testsuite> <!-- Stepdefinition.TestRunner -->
