<?xml version="1.0" encoding="UTF-8"?>
<!-- Generated by org.testng.reporters.JUnitReportReporter -->
<testsuite hostname="MAA-5CG051651J" failures="0" tests="1" name="Stepdefinition.TestRunner" time="29.152" errors="0" timestamp="2024-02-22T00:30:49 IST" skipped="0">
  <testcase classname="Stepdefinition.TestRunner" name="runScenario" time="29.152"/>
</testsuite> <!-- Stepdefinition.TestRunner -->
